<?xml version="1.0" encoding="UTF-8"?>
<testng-results ignored="0" total="6" passed="6" failed="0" skipped="0">
  <reporter-output>
  </reporter-output>
  <suite started-at="2024-02-19T15:00:37 IST" name="Default suite" finished-at="2024-02-19T15:00:48 IST" duration-ms="11351">
    <groups>
      <group name="cucumber">
        <method signature="AbstractTestNGCucumberTests.runScenario(io.cucumber.testng.PickleWrapper,io.cucumber.testng.FeatureWrapper)[pri:0, instance:runners.MyTestRunner@4b29d1d2]" name="runScenario" class="io.cucumber.testng.AbstractTestNGCucumberTests"/>
      </group> <!-- cucumber -->
    </groups>
    <test started-at="2024-02-19T15:00:37 IST" name="Default test" finished-at="2024-02-19T15:00:48 IST" duration-ms="11351">
      <class name="runners.MyTestRunner">
        <test-method is-config="true" signature="setUpClass(org.testng.ITestContext)[pri:0, instance:runners.MyTestRunner@4b29d1d2]" started-at="2024-02-19T15:00:37 IST" name="setUpClass" finished-at="2024-02-19T15:00:38 IST" duration-ms="491" status="PASS">
          <params>
            <param index="0">
              <value>
                <![CDATA[org.testng.TestRunner@73a8e994]]>
              </value>
            </param>
          </params>
          <reporter-output>
          </reporter-output>
        </test-method> <!-- setUpClass -->
        <test-method signature="runScenario(io.cucumber.testng.PickleWrapper,io.cucumber.testng.FeatureWrapper)[pri:0, instance:runners.MyTestRunner@4b29d1d2]" started-at="2024-02-19T15:00:38 IST" name="runScenario" description="Runs Cucumber Scenarios" data-provider="scenarios" finished-at="2024-02-19T15:00:42 IST" duration-ms="4611" status="PASS">
          <params>
            <param index="0">
              <value>
                <![CDATA["Invalid Login into app"]]>
              </value>
            </param>
            <param index="1">
              <value>
                <![CDATA["Article Page Function"]]>
              </value>
            </param>
          </params>
          <reporter-output>
          </reporter-output>
        </test-method> <!-- runScenario -->
        <test-method signature="runScenario(io.cucumber.testng.PickleWrapper,io.cucumber.testng.FeatureWrapper)[pri:0, instance:runners.MyTestRunner@4b29d1d2]" started-at="2024-02-19T15:00:42 IST" name="runScenario" description="Runs Cucumber Scenarios" data-provider="scenarios" finished-at="2024-02-19T15:00:43 IST" duration-ms="1319" status="PASS">
          <params>
            <param index="0">
              <value>
                <![CDATA["Valid Login into app"]]>
              </value>
            </param>
            <param index="1">
              <value>
                <![CDATA["Article Page Function"]]>
              </value>
            </param>
          </params>
          <reporter-output>
          </reporter-output>
        </test-method> <!-- runScenario -->
        <test-method signature="runScenario(io.cucumber.testng.PickleWrapper,io.cucumber.testng.FeatureWrapper)[pri:0, instance:runners.MyTestRunner@4b29d1d2]" started-at="2024-02-19T15:00:43 IST" name="runScenario" description="Runs Cucumber Scenarios" data-provider="scenarios" finished-at="2024-02-19T15:00:44 IST" duration-ms="820" status="PASS">
          <params>
            <param index="0">
              <value>
                <![CDATA["User Create the Article with duplicate Title"]]>
              </value>
            </param>
            <param index="1">
              <value>
                <![CDATA["Article Page Function"]]>
              </value>
            </param>
          </params>
          <reporter-output>
          </reporter-output>
        </test-method> <!-- runScenario -->
        <test-method signature="runScenario(io.cucumber.testng.PickleWrapper,io.cucumber.testng.FeatureWrapper)[pri:0, instance:runners.MyTestRunner@4b29d1d2]" started-at="2024-02-19T15:00:44 IST" name="runScenario" description="Runs Cucumber Scenarios" data-provider="scenarios" finished-at="2024-02-19T15:00:45 IST" duration-ms="1105" status="PASS">
          <params>
            <param index="0">
              <value>
                <![CDATA["User Create the new Article"]]>
              </value>
            </param>
            <param index="1">
              <value>
                <![CDATA["Article Page Function"]]>
              </value>
            </param>
          </params>
          <reporter-output>
          </reporter-output>
        </test-method> <!-- runScenario -->
        <test-method signature="runScenario(io.cucumber.testng.PickleWrapper,io.cucumber.testng.FeatureWrapper)[pri:0, instance:runners.MyTestRunner@4b29d1d2]" started-at="2024-02-19T15:00:45 IST" name="runScenario" description="Runs Cucumber Scenarios" data-provider="scenarios" finished-at="2024-02-19T15:00:47 IST" duration-ms="1784" status="PASS">
          <params>
            <param index="0">
              <value>
                <![CDATA["User update the Article"]]>
              </value>
            </param>
            <param index="1">
              <value>
                <![CDATA["Article Page Function"]]>
              </value>
            </param>
          </params>
          <reporter-output>
          </reporter-output>
        </test-method> <!-- runScenario -->
        <test-method signature="runScenario(io.cucumber.testng.PickleWrapper,io.cucumber.testng.FeatureWrapper)[pri:0, instance:runners.MyTestRunner@4b29d1d2]" started-at="2024-02-19T15:00:47 IST" name="runScenario" description="Runs Cucumber Scenarios" data-provider="scenarios" finished-at="2024-02-19T15:00:48 IST" duration-ms="1143" status="PASS">
          <params>
            <param index="0">
              <value>
                <![CDATA["User delete the Article"]]>
              </value>
            </param>
            <param index="1">
              <value>
                <![CDATA["Article Page Function"]]>
              </value>
            </param>
          </params>
          <reporter-output>
          </reporter-output>
        </test-method> <!-- runScenario -->
        <test-method is-config="true" signature="tearDownClass()[pri:0, instance:runners.MyTestRunner@4b29d1d2]" started-at="2024-02-19T15:00:48 IST" name="tearDownClass" finished-at="2024-02-19T15:00:48 IST" duration-ms="35" status="PASS">
          <reporter-output>
          </reporter-output>
        </test-method> <!-- tearDownClass -->
      </class> <!-- runners.MyTestRunner -->
    </test> <!-- Default test -->
  </suite> <!-- Default suite -->
</testng-results>
